Дата, время: 2024-02-13 09:13:13.698033
Имя функции: hello_world
Позиционные агрументы: 
Именнованные аргументы: 
Результат функции: Hello World

Дата, время: 2024-02-13 09:13:13.698033
Имя функции: summator
Позиционные агрументы: 2, 2
Именнованные аргументы: 
Результат функции: 4

Дата, время: 2024-02-13 09:13:13.699030
Имя функции: div
Позиционные агрументы: 6, 2
Именнованные аргументы: 
Результат функции: 3.0

Дата, время: 2024-02-13 09:13:13.699030
Имя функции: summator
Позиционные агрументы: 4.3
Именнованные аргументы: b = 2.2
Результат функции: 6.5

Дата, время: 2024-02-13 09:13:13.699030
Имя функции: summator
Позиционные агрументы: 
Именнованные аргументы: a = 0, b = 0
Результат функции: 0

